984
2 0 1
2 5 14
2 15 19
2 26 31
2 35 36
2 52 61
2 66 73
2 77 84
2 90 91
2 92 99
2 102 109
2 116 125
2 134 135
2 166 176
2 187 190
2 205 212
2 246 259
2 276 286
2 320 330
2 339 350
2 357 368
2 375 386
2 400 416
2 420 445
2 470 494
2 497 501
2 524 528
2 535 551
2 563 585
2 588 655
2 661 694
2 701 713
2 721 722
2 724 731
2 742 747
2 770 783
2 817 830
2 841 843
2 857 927
2 929 932
2 944 971
2 989 1011
2 1025 1026
2 1051 1072
2 1089 1104
2 1108 1121
2 1215 1244
2 1247 1255
2 1257 1262
2 1274 1300
2 1309 1342
2 1356 1360
2 1363 1367
2 1370 1380
2 1387 1398
2 1414 1420
2 1432 1457
2 1463 1566
2 1577 1641
2 1651 1657
2 1662 1674
2 1676 1721
2 1730 1736
2 1739 1746
2 1757 1769
2 1771 1784
2 1785 1790
2 1792 1816
2 1828 1842
2 1844 1879
2 1910 1938
2 1940 1950
2 2004 2015
2 2017 2040
2 2041 2048
2 2063 2111
2 2135 2145
2 2151 2177
2 2187 2247
2 2258 2273
2 2276 2287
2 2317 2369
2 2404 2440
2 2450 2458
2 2519 2588
2 2593 2606
2 2609 2618
2 2640 2641
2 2643 2655
2 2677 2684
2 2735 2738
2 2760 2764
2 2778 2815
2 2832 2845
2 2904 2923
2 2943 2960
2 2971 2989
2 3036 3056
2 3093 3130
2 3185 3198
2 3206 3230
2 3252 3277
2 3282 3285
2 3288 3336
2 3377 3378
2 3387 3390
2 3406 3436
2 3459 3533
2 3535 3545
2 3551 3606
2 3642 3652
2 3720 3732
2 3770 3778
2 3815 3831
2 3836 3850
2 3868 3876
2 3931 3955
2 3959 3974
2 3979 4023
2 4051 4072
2 4084 4125
2 4130 4145
2 4159 4162
2 4181 4190
2 4199 4207
2 4264 4265
2 4275 4276
2 4347 4432
2 4460 4471
2 4493 4497
2 4536 4541
2 4543 4593
2 4597 4603
2 4680 4687
2 4722 4744
2 4853 4872
2 4889 4903
2 4998 5000
2 5004 5062
2 5103 5112
2 5119 5139
2 5165 5221
2 5243 5258
2 5270 5291
2 5312 5319
2 5334 5344
2 5385 5394
2 5405 5477
2 5486 5507
2 5555 5572
2 5590 5620
2 5626 5629
2 5630 5634
2 5654 5673
2 5684 5759
2 5761 5762
2 5780 5857
2 5878 5893
2 5999 6043
2 6116 6138
2 6139 6276
2 6325 6399
2 6408 6418
2 6431 6461
2 6469 6475
2 6503 6552
2 6588 6594
2 6696 6712
2 6736 6775
2 6795 6855
2 6874 6878
2 6906 6936
2 6954 6987
2 6991 7035
2 7039 7054
2 7070 7114
2 7133 7144
2 7169 7189
2 7225 7226
2 7291 7446
2 7448 7452
2 7552 7619
2 7641 7680
2 7705 7708
2 7754 7908
2 8005 8046
2 8050 8069
2 8074 8092
2 8120 8121
2 8169 8184
2 8192 8217
2 8218 8225
2 8280 8300
2 8315 8362
2 8404 8457
2 8481 8490
2 8492 8514
2 8515 8520
2 8538 8619
2 8622 8649
2 8666 8680
2 8691 8765
2 8787 8795
2 8800 8910
2 8916 8943
2 8959 8971
2 9040 9061
2 9132 9169
2 9288 9308
2 9388 9420
2 9460 9494
2 9517 9567
2 9581 9666
2 9725 9738
2 9740 9780
2 9782 9824
2 9918 9947
2 9953 9967
2 9979 155
2 344 429
2 569 663
2 702 779
2 1014 1033
2 1245 1251
2 1272 1455
2 1468 1493
2 1573 1776
2 2005 2078
2 2130 2132
2 2223 2290
2 2341 2350
2 2413 2465
2 2478 2507
2 2644 2719
2 2753 2767
2 2780 2853
2 2865 2926
2 2938 2945
2 3032 3081
2 3116 3160
2 3190 3197
2 3294 3384
2 3441 3571
2 3572 3603
2 3682 3766
2 3826 3858
2 3957 3970
2 4008 4017
2 4111 4114
2 4180 4241
2 4350 4462
2 4481 4601
2 4686 4730
2 4749 4759
2 4812 4897
2 4941 4968
2 5016 5116
2 5202 5228
2 5288 5381
2 5414 5440
2 5475 5552
2 5597 5618
2 5933 5971
2 6004 6086
2 6103 6159
2 6217 6221
2 6236 6267
2 6360 6369
2 6386 6433
2 6502 6658
2 6667 6768
2 6867 6872
2 6898 6970
2 6980 7021
2 7029 7053
2 7113 7160
2 7161 7244
2 7312 7348
2 7378 7396
2 7411 7650
2 7738 7763
2 7790 7816
2 7933 7940
2 8033 8041
2 8096 8191
2 8207 8249
2 8428 8483
2 8512 8574
2 8764 8790
2 8887 8905
2 8989 8993
2 9067 9112
2 9125 9127
2 9290 9300
2 9334 9353
2 9381 9417
2 9428 9454
2 9515 9518
2 9640 9654
2 9674 9783
2 9796 9817
2 9850 9898
2 9923 167
2 266 351
2 397 440
2 506 518
2 539 543
2 625 680
2 743 914
2 1017 1019
2 1069 1112
2 1123 1185
2 1236 1343
2 1365 1458
2 1500 1545
2 1748 1795
2 2073 2394
2 2491 2581
2 2675 2755
2 2777 2844
2 2869 2991
2 3215 3245
2 3380 3393
2 3461 3468
2 3550 3713
2 3960 3998
2 4003 4024
2 4081 4418
2 4576 4626
2 4673 4743
2 4799 4927
2 5033 5069
2 5071 5186
2 5403 5478
2 5560 5805
2 5818 5843
2 6182 6190
2 6194 6251
2 6295 6424
2 6523 6722
2 6758 6879
2 6896 6909
2 7034 7107
2 7182 7203
2 7304 7317
2 7323 7338
2 7376 7450
2 7455 7477
2 7575 7589
2 7811 7837
2 7941 8048
2 8226 8243
2 8279 8445
2 8587 8621
2 8825 8840
2 8843 8914
2 9012 9034
2 9109 9116
2 9228 9279
2 9287 9293
2 9396 9472
2 9480 9607
2 9704 9808
2 9878 9939
2 9992 223
2 913 1067
2 1126 1239
2 1241 1310
2 1408 1428
2 1434 1448
2 1752 1772
2 1855 1893
2 1916 2032
2 2053 2069
2 2286 2455
2 2524 2637
2 2638 2654
2 2667 2721
2 2822 2871
2 3094 3100
2 3152 3200
2 3435 3490
2 3525 3627
2 3699 3711
2 3742 3751
2 3755 3908
2 3946 4015
2 4086 4166
2 4250 4304
2 4364 4395
2 4396 4454
2 4589 4654
2 4755 4760
2 4815 4905
2 4999 5204
2 5468 5695
2 5735 5826
2 5937 5984
2 6091 6092
2 6200 6241
2 6303 6322
2 6422 6657
2 6710 6995
2 7084 7234
2 7285 7358
2 7379 7435
2 7597 7685
2 7714 8029
2 8054 8157
2 8188 8285
2 8416 8482
2 8589 8678
2 8974 9058
2 9147 9191
2 9310 9317
2 9351 9395
2 9412 9442
2 9477 9790
2 9831 9916
2 9925 9949
2 387 426
2 495 584
2 647 707
2 852 897
2 946 994
2 1314 1379
2 1417 1617
2 1798 1901
2 1913 2034
2 2037 2158
2 2445 2791
2 3143 3148
2 3180 3183
2 3264 3287
2 3319 3659
2 4039 4073
2 4152 4201
2 4342 4349
2 4366 4590
2 5092 5144
2 5320 5374
2 5433 5434
2 5447 5500
2 5571 5650
2 5704 6013
2 6041 6048
2 6066 6164
2 6287 6515
2 6732 6793
2 6820 6916
2 7328 7503
2 7582 7687
2 7722 7762
2 7860 8025
2 8072 8255
2 8271 8301
2 8544 8693
2 8705 8769
2 8892 9049
2 9113 9445
2 9455 9461
2 9509 9683
2 9708 9731
2 454 460
2 488 718
2 981 1098
2 1425 1486
2 2090 2114
2 2263 2302
2 2482 2894
2 3010 3103
2 3182 3236
2 3359 3388
2 3556 3604
2 3710 3829
2 3920 3921
2 3982 4253
2 4324 4336
2 4378 4383
2 4401 4606
2 4652 4864
2 5050 5109
2 5114 5565
2 5738 5827
2 5855 5976
2 6597 6786
2 6895 6908
2 7073 7188
2 7437 7456
2 7538 7701
2 7720 7765
2 7784 8024
2 8125 8234
2 8402 8627
2 8690 8782
2 8921 9053
2 9422 9452
2 9476 9758
2 9809 9980
2 592 807
2 891 933
2 1028 1144
2 1169 1325
2 1394 1472
3 1710 1875 1900
3 1921 2366 2387
3 2648 2670 2679
3 2851 2880 2995
3 3065 3071 3140
3 3232 3404 3430
3 3456 3589 3779
3 3986 4745 4849
3 4908 4947 5230
3 5307 5348 5354
3 5390 5567 5716
3 5858 5975 6032
3 6067 6071 6165
3 6207 6397 6555
3 6729 6813 6847
3 6863 6877 6978
3 7428 7482 7520
3 7867 7874 7926
3 7930 8178 8352
3 8427 8467 8484
3 8706 8909 8973
3 8976 9497 9510
3 9531 9897 231
3 685 758 861
3 1048 1232 1242
3 1630 1637 1926
3 1997 2031 2197
3 2542 2639 2714
3 2893 2914 2965
3 2973 2992 3139
3 3151 3163 3231
3 3433 3462 3701
3 3723 3726 3733
3 3767 3886 4071
3 4302 4303 4348
3 4499 4586 4624
3 4776 4970 5087
3 5143 5226 5232
3 5301 5326 5506
3 5605 5679 5711
3 5775 5846 5930
3 6001 6204 6362
3 6464 6608 6802
3 6861 6883 7027
3 7181 7193 7242
3 7325 7562 7609
3 7630 7974 8378
3 8385 8723 8841
3 8926 9056 9077
3 9163 9170 9277
3 9541 9598 9653
3 9676 9756 9827
3 9924 9997 104
3 317 442 665
3 751 787 1520
3 1906 2099 2284
3 2338 2414 2446
3 2487 2493 2547
3 2613 2868 3013
3 3040 3162 3709
3 3725 3740 3967
3 3999 4067 4068
3 4338 4420 4615
3 4772 4831 4869
3 5248 5408 5737
3 5871 6626 7023
3 7199 7355 7505
3 7563 7612 7846
3 7947 7976 8126
3 8262 8295 8386
3 8414 8630 9064
3 9167 9402 9688
3 9707 9801 479
3 548 580 599
3 664 732 879
3 980 1125 1312
3 1680 1779 1896
3 2321 2374 2438
3 2496 2559 2576
3 2742 2816 2855
3 3005 3067 3166
3 3342 3520 3562
3 3601 3661 3872
3 3989 4029 4049
3 4168 4213 4385
3 4585 4805 4862
3 4909 5372 5459
3 5502 5623 5659
3 5667 5784 6037
3 6211 6218 6238
3 6449 6598 6624
3 7044 7191 7280
3 7282 7297 7331
3 7497 7519 7537
3 7769 7806 7952
3 8042 8071 8335
3 8664 8674 8799
3 8802 8869 8884
3 8937 9110 9268
3 9630 42 79
3 354 679 873
3 1419 1643 1660
3 1697 1760 1797
3 2119 2189 2315
3 2322 2434 2534
3 2539 2625 2710
3 2958 3548 3706
3 3805 3900 4268
3 4476 4485 4587
3 4974 5411 5425
3 5645 5687 5927
3 6333 6437 6951
3 7205 7572 7707
3 8216 8290 8339
3 8341 8394 8488
3 8489 8580 8704
3 8885 9202 9306
3 9373 9389 9657
3 9697 29 100
3 490 790 813
3 1034 1397 1446
3 1560 1991 2027
3 2113 2156 2429
3 2441 2497 2768
3 3098 3304 3465
3 3514 3631 4021
3 4061 4118 4212
3 4261 4295 4643
3 4647 4719 4779
3 4784 4836 4991
3 5283 5445 5743
3 5987 6115 6140
3 6214 6292 6299
3 6335 6465 6587
3 6717 6997 7601
3 7767 7912 8288
3 8324 8369 8460
3 8480 8917 9001
3 9231 9335 9358
3 9466 9983 345
3 408 710 755
3 905 951 1193
3 1390 1449 1482
3 1863 2256 2403
3 2430 2615 2830
3 3034 3351 3421
3 3537 3609 3650
3 4129 4204 4289
3 4472 4751 4984
3 5031 5089 5490
3 5656 5955 5988
3 6486 6568 6926
3 7004 7449 7468
3 7506 8182 8208
3 8358 8444 8531
3 8656 8710 8718
3 8847 8920 9071
3 9739 9757 9760
3 9937 9938 113
3 399 474 925
3 1041 1240 1246
3 1600 1666 2093
3 2209 2261 2494
3 2501 2682 2737
3 2761 3113 3238
3 3317 3592 4182
3 4189 4391 4431
3 4448 4765 4824
3 4900 5154 5435
3 5484 5564 5707
3 5932 6346 6601
3 6785 7126 7269
3 7294 7598 7615
3 7836 7998 8051
3 8149 8175 8281
3 8296 8448 8830
3 8935 9033 9404
3 9405 9672 9845
3 9857 9909 46
3 353 557 1053
3 1175 1204 1362
3 1659 2071 2616
3 2787 2896 3814
3 4083 4101 4210
3 4362 4380 4803
3 5525 5562 5821
3 6317 6376 6385
3 6532 6826 7006
3 7141 7354 7472
3 7746 7955 7968
3 8057 8066 8307
3 8476 8871 8896
3 8980 9705 9919
3 243 285 824
3 945 1629 1702
3 1715 1780 1791
3 1823 2250 2416
3 2623 2708 2833
3 2940 3000 3470
3 3512 3653 4087
3 4278 4368 4382
3 4785 5065 5269
3 5392 5532 5708
3 5923 6047 6394
3 6575 6589 6665
3 6893 6941 6943
3 7012 7056 7137
3 7173 7214 7277
3 8018 8060 8349
3 8357 8687 8743
3 8904 9304 9315
3 9378 9516 9574
3 9587 9874 9956
3 233 624 853
3 1007 1173 1281
3 1375 1392 1498
3 1759 1782 1927
3 2182 2233 2339
3 2346 2626 2849
3 2867 3184 3510
3 3524 3594 3597
3 3605 3764 3881
3 4096 4296 4319
3 4528 4542 4800
3 4878 4881 5638
3 5669 5797 6172
3 6489 6672 6716
3 6728 6779 6789
3 6816 6884 6889
3 7691 7702 7838
3 8266 8343 8611
3 8798 8818 8983
3 9133 9141 9242
3 9766 50 80
3 247 366 855
3 878 941 991
3 1150 1293 1722
3 1786 2118 2477
3 2624 2788 2901
3 3397 3507 3981
3 4085 4223 4346
3 4569 4729 4753
3 4778 4838 4945
3 5115 5194 5337
3 5402 5438 5455
3 5520 5524 5637
3 5647 5830 5880
3 6117 6911 7158
3 7271 7324 7676
3 7776 7779 7817
3 7935 8260 8261
3 8577 8699 8858
3 8999 9216 9408
3 9492 9791 340
3 657 1030 1156
3 1268 1682 1919
3 1945 2092 2214
3 2917 2979 3014
3 3128 3175 3305
3 3613 3702 3776
3 4183 4332 4526
3 5039 5102 5152
3 5352 5452 5497
3 5841 6030 6113
3 6538 6609 6688
3 6992 7028 7284
3 7303 7336 7351
3 7470 7750 8327
3 8518 8741 8856
3 8922 9177 9185
3 9504 9579 9619
3 9777 9875 9911
3 75 282 712
3 851 874 952
3 1431 1481 2139
3 2784 2981 3345
3 3418 3599 3786
3 3851 3855 3937
3 3952 4033 4045
3 4178 4343 4665
3 4707 5037 5076
3 5305 5314 5662
3 5806 5922 6020
3 6173 6413 6695
3 6955 6974 7128
3 7146 7422 7485
3 7644 7723 7879
3 7910 8030 8140
3 8145 8588 8623
3 8700 8846 8852
3 8939 9052 9079
3 9088 9118 9292
3 9401 9440 9449
3 9615 9652 377
3 389 617 667
3 699 744 963
3 1092 1128 1565
3 2360 2392 2421
3 2449 2820 3291
3 3410 3538 4455
3 4510 4552 4629
3 5022 5195 5284
3 5300 6355 6372
3 6455 6691 6759
3 6977 7604 7865
3 8106 8583 8634
3 8724 8809 8888
3 8901 8925 8982
3 232 261 484
3 890 1003 1024
3 1962 2257 2312
3 2528 2599 2774
3 3063 3250 3372
3 3452 3575 3687
3 3737 3738 3919
3 3923 4140 4186
3 4316 4404 4683
3 4809 5025 5393
3 6525 6892 7402
3 7495 7728 8111
3 8294 8433 9184
3 9262 9391 9503
3 9520 98 129
3 324 369 564
3 748 816 918
3 985 1269 1304
3 1334 1384 1537
3 1607 1670 1692
3 1834 3061 3241
3 3365 3976 4075
3 4171 4281 4539
3 4566 4677 4915
3 5110 5261 5290
3 5431 5795 6310
3 6318 6530 6642
3 6653 7508 7755
3 7775 7798 8070
3 8162 8306 8421
3 9080 9416 9430
3 9435 9482 9508
3 9562 9840 9847
3 122 265 327
3 364 552 754
3 1038 1543 1773
3 2133 2188 2779
3 3207 3574 3874
3 3954 3996 4105
3 4866 4955 5084
3 5184 5264 5450
3 5519 5561 5934
3 5953 6080 6564
3 6573 6603 6891
3 6946 7076 7213
3 7232 7420 7566
3 8076 8364 8471
3 8496 8504 8755
3 8946 8958 9273
3 9522 9558 9913
3 716 1548 1644
3 1903 2056 2077
3 2079 2408 2460
3 3269 3298 3303
3 3489 3833 4192
3 4242 4437 5078
3 5126 5216 5223
3 5292 5703 6124
3 6235 6910 7157
3 7301 7905 8082
3 8360 8459 8565
3 8720 8912 9805
3 43 127 975
3 1222 1451 1596
3 1605 1689 1738
3 1815 1990 2180
3 2219 2319 2574
3 2605 2729 2748
3 2856 3101 3448
3 4117 4315 4424
3 4484 5002 5145
3 5501 5575 5646
3 5801 5810 5861
3 5992 6056 6122
3 6347 6780 6966
3 7009 7473 8205
3 8390 8582 9285
3 9565 9687 436
3 438 772 1301
3 1592 1687 1887
3 1925 2058 2355
3 2646 2826 2840
3 2915 3249 3646
3 3703 3864 3934
3 4835 4931 5315
3 5648 5764 6181
3 6900 6934 6949
3 7390 7780 8020
3 8313 8738 9642
3 9899 9994 95
3 141 447 476
3 838 1124 1442
3 1672 1966 2361
3 2699 2918 3181
3 3221 3289 3403
3 3614 4010 4329
3 4446 4608 4820
3 5396 5546 5706
3 6029 6045 6546
3 6561 6663 6886
3 6931 7051 8013
3 8151 9144 9195
3 9343 9385 9512
3 9627 21 295
3 331 455 595
3 681 1143 1163
3 1213 1602 1957
3 2103 2419 2617
3 2818 3043 3192
3 4154 4270 5582
3 5715 5746 5867
3 6083 6338 6440
3 6764 6869 7124
3 7254 7373 7605
3 8270 9671 9826
3 239 382 504
3 561 762 1871
3 2397 2471 3171
3 3532 3958 4901
3 5306 6687 6975
3 7576 8130 8371
3 8550 9727 9835
3 469 614 715
3 2003 2208 2479
3 2631 2792 3622
3 3660 3774 4341
3 4429 4503 5289
3 5412 6249 6388
3 6423 6548 6599
3 6641 6801 7517
3 7635 8007 9104
3 9403 785 1088
3 1794 2021 2371
3 2744 2857 3159
3 3634 3971 4119
3 4540 4674 4816
3 5054 6120 6135
3 6286 6979 7049
3 7295 7568 8016
3 8269 8774 9728
3 9872 9945 119
3 277 1008 1294
3 1386 1421 1733
3 3204 3560 3666
3 3729 4370 4492
3 4700 4844 5894
3 6771 8078 8586
3 9867 3009 3501
3 4070 4306 6106
3 8788 9207 9493
3 553 1155 1267
3 1758 1967 1977
3 2174 2690 2850
3 3354 3408 4515
3 4698 5217 5303
3 5369 8122 9018
3 9544 503 1489
3 1490 2251 2411
3 5967 7599 7866
3 8274 8329 9658
3 1338 7625 7886
3 8436 1018 2580
3 7200 7873 7901
3 9017 993 4697
3 6829 7429 8813
3 9136 248 337
3 788 943 1076
3 1223 2720 570
3 1473 8458 650
3 7377 7646 2238
3 3797 5888 391
3 9469 88 8211
